23.03.11 11:09:34 tony
23.03.11 11:09:35 tony
23.03.11 11:09:35 tony
23.03.11 11:09:36 tony
23.03.11 11:09:36 tony
23.03.11 11:14:06 tony
23.03.11 11:14:06 tony
23.03.11 11:14:07 tony
23.03.11 11:14:07 tony
23.03.11 11:14:07 tony
23.03.11 11:14:07 tony
23.03.11 11:14:07 tony
23.03.11 11:14:07 tony
23.03.11 11:14:08 tony
23.03.11 11:14:08 tony
23.03.11 11:18:48 offline,z61m0yya,,,

23.03.11 11:19:25 1
23.03.11 11:19:29 1
23.03.11 11:19:39 1
24.03.11 11:50:28 
24.03.11 11:50:28 
24.03.11 12:09:54 twsst
24.03.11 12:10:14 twsst
24.03.11 12:10:19 twsst
24.03.11 12:23:04 
24.03.11 12:23:04 tony
24.03.11 12:23:05 
24.03.11 12:24:08 
24.03.11 12:24:08 tony
24.03.11 12:24:08 
24.03.11 12:35:29 x7
24.03.11 12:35:49 def
24.03.11 12:36:32 hf
24.03.11 12:37:08 hf_load
24.03.11 12:37:29 hf_load
24.03.11 12:37:29 blubb
24.03.11 12:37:44 def_load
24.03.11 12:38:19 hf_load
24.03.11 12:38:19 blubb
24.03.11 12:38:29 hf_load
24.03.11 12:38:29 blubb
24.03.11 12:39:01 hf_load
24.03.11 12:39:02 blubb
24.03.11 12:39:33 mu_load
24.03.11 12:40:03 def_load
24.03.11 12:40:23 
24.03.11 12:40:23 tony
24.03.11 12:40:23 ul_load
24.03.11 12:40:23 
24.03.11 12:42:08 
24.03.11 12:42:08 tony
24.03.11 12:42:08 
24.03.11 12:42:21 blubb
24.03.11 12:50:46 blubb
24.03.11 13:35:43 blubb
24.03.11 13:36:03 
24.03.11 13:36:03 
